Arguments: 
  /usr/local/bin/node /Users/admin/.npm-global/bin/yarn add --dev @types/react-images-loaded

PATH: 
  /Users/admin/.npm-global/bin:/usr/local/bin:/usr/bin:/bin:/usr/sbin:/sbin:/Users/admin/.npm-global/bin

Yarn version: 
  1.22.19

Node version: 
  19.2.0

Platform: 
  darwin x64

Trace: 
  Error: https://registry.yarnpkg.com/@types%2freact-images-loaded: Not found
      at params.callback [as _callback] (/Users/admin/.npm-global/lib/node_modules/yarn/lib/cli.js:66145:18)
      at self.callback (/Users/admin/.npm-global/lib/node_modules/yarn/lib/cli.js:140890:22)
      at Request.emit (node:events:513:28)
      at Request.<anonymous> (/Users/admin/.npm-global/lib/node_modules/yarn/lib/cli.js:141862:10)
      at Request.emit (node:events:513:28)
      at IncomingMessage.<anonymous> (/Users/admin/.npm-global/lib/node_modules/yarn/lib/cli.js:141784:12)
      at Object.onceWrapper (node:events:627:28)
      at IncomingMessage.emit (node:events:525:35)
      at endReadableNT (node:internal/streams/readable:1359:12)
      at process.processTicksAndRejections (node:internal/process/task_queues:82:21)

npm manifest: 
  {
    "name": "movie-app",
    "version": "0.1.0",
    "private": true,
    "dependencies": {
      "@fortawesome/fontawesome-svg-core": "^6.3.0",
      "@fortawesome/free-brands-svg-icons": "^6.3.0",
      "@fortawesome/free-regular-svg-icons": "^6.3.0",
      "@fortawesome/free-solid-svg-icons": "^6.3.0",
      "@fortawesome/react-fontawesome": "^0.2.0",
      "@reduxjs/toolkit": "^1.9.3",
      "@testing-library/jest-dom": "^5.16.5",
      "@testing-library/react": "^13.4.0",
      "@testing-library/user-event": "^13.5.0",
      "@types/jest": "^27.5.2",
      "@types/node": "^16.18.12",
      "@types/react": "^18.0.28",
      "@types/react-dom": "^18.0.10",
      "@types/styled-components": "^5.1.26",
      "framer-motion": "^9.0.2",
      "react": "^18.2.0",
      "react-dom": "^18.2.0",
      "react-hook-form": "^7.43.1",
      "react-images-loaded": "^2.0.0",
      "react-query": "^3.39.3",
      "react-redux": "^8.0.5",
      "react-router-dom": "6.4",
      "react-scripts": "5.0.1",
      "react-star-ratings": "^2.3.0",
      "react-stars": "^2.2.5",
      "recoil": "^0.7.6",
      "redux": "^4.2.1",
      "styled-components": "^5.3.6",
      "typescript": "^4.9.5",
      "web-vitals": "^2.1.4"
    },
    "scripts": {
      "start": "react-scripts start",
      "build": "react-scripts build",
      "test": "react-scripts test",
      "eject": "react-scripts eject"
    },
    "eslintConfig": {
      "extends": [
        "react-app",
        "react-app/jest"
      ]
    },
    "browserslist": {
      "production": [
        ">0.2%",
        "not dead",
        "not op_mini all"
      ],
      "development": [
        "last 1 chrome version",
        "last 1 firefox version",
        "last 1 safari version"
      ]
    },
    "devDependencies": {
      "@types/react-router-dom": "^5.3.3",
      "@types/react-stars": "^2.2.1"
    }
  }

yarn manifest: 
  No manifest

Lockfile: 
  No lockfile
